<?xml version="1.0" encoding="UTF-8"?>
<!-- Generated by org.testng.reporters.JUnitReportReporter -->
<testsuite hostname="FOCUS-QA-133" name="com.focus.testcases.LoginPageTest" tests="4" failures="0" timestamp="8 Nov 2022 16:05:18 GMT" time="14.324" errors="0">
  <testcase name="checkSignInBtnWithValidUserNameAndValidPassword" time="13.193" classname="com.focus.testcases.LoginPageTest"/>
  <testcase name="verifyTheNumberOfListInCompanyDropdownList" time="0.111" classname="com.focus.testcases.LoginPageTest"/>
  <testcase name="checkLoginPageAvailablityOfFields" time="0.968" classname="com.focus.testcases.LoginPageTest"/>
  <testcase name="checkCompanyTextDisplayInCompanyListDropdown" time="0.052" classname="com.focus.testcases.LoginPageTest"/>
</testsuite> <!-- com.focus.testcases.LoginPageTest -->
