<?xml version="1.0" encoding="UTF-8"?>
<!-- Generated by org.testng.reporters.JUnitReportReporter -->
<testsuite hostname="FOCUS-QA-133" name="com.focus.testcases.URLBrowserTest" tests="2" failures="0" timestamp="30 Dec 2022 18:08:58 GMT" time="16.145" errors="0">
  <testcase name="verifyBrowserOpen" time="9.922" classname="com.focus.testcases.URLBrowserTest"/>
  <testcase name="checkLoginPageTitleByURLInputInBrowser" time="6.223" classname="com.focus.testcases.URLBrowserTest"/>
</testsuite> <!-- com.focus.testcases.URLBrowserTest -->
